boot_magic: ANDROID!
kernel_size: 37005320
kernel load address: 0x10008000
ramdisk size: 1351163
ramdisk load address: 0x11000000
second bootloader size: 318464
second bootloader load address: 0x10f00000
kernel tags load address: 0x10000100
page size: 2048
os version: 12.0.0
os patch level: 2022-07
boot image header version: 2
product name: 
command line args: console=ttyFIQ0 firmware_class.path=/vendor/etc/firmware init=/init rootwait ro loop.max_part=7 androidboot.console=ttyFIQ0 androidboot.wificountrycode=CN androidboot.hardware=rk30board androidboot.boot_devices=fe2e0000.mmc androidboot.selinux=permissive buildvariant=userdebug
additional command line args: 
recovery dtbo size: 0
recovery dtbo offset: 0x0
boot header size: 1660
dtb size: 229717
dtb address: 0x11f00000
